<?xml version="1.0" encoding="UTF-8"?>
<!-- Generated by org.testng.reporters.JUnitReportReporter -->
<testsuite hostname="LAPTOP-SCJ3DM9A" name="testngExamples.Exam_test" tests="1" failures="0" timestamp="8 Apr 2020 12:44:09 GMT" time="0.006" errors="0">
  <testcase name="logout" time="0.006" classname="testngExamples.Exam_test"/>
</testsuite> <!-- testngExamples.Exam_test -->
